TN:
SF:src\TodoManager.js
FN:2,(anonymous_0)
FN:8,(anonymous_1)
FN:26,(anonymous_2)
FN:31,(anonymous_3)
FN:32,(anonymous_4)
FN:36,(anonymous_5)
FN:46,(anonymous_6)
FN:47,(anonymous_7)
FNF:8
FNH:8
FNDA:9,(anonymous_0)
FNDA:5,(anonymous_1)
FNDA:2,(anonymous_2)
FNDA:4,(anonymous_3)
FNDA:2,(anonymous_4)
FNDA:2,(anonymous_5)
FNDA:2,(anonymous_6)
FNDA:1,(anonymous_7)
DA:3,9
DA:4,9
DA:9,5
DA:10,1
DA:14,4
DA:21,4
DA:22,4
DA:27,2
DA:32,4
DA:37,2
DA:38,2
DA:39,1
DA:41,1
DA:42,1
DA:47,2
DA:48,2
DA:49,1
DA:51,1
DA:56,1
LF:19
LH:19
BRDA:9,0,0,1
BRDA:9,0,1,4
BRDA:9,1,0,5
BRDA:9,1,1,4
BRDA:32,2,0,4
BRDA:32,2,1,2
BRDA:38,3,0,1
BRDA:38,3,1,1
BRDA:48,4,0,1
BRDA:48,4,1,1
BRF:10
BRH:10
end_of_record
